[2016-04-13 13:41:06] production.ERROR: exception 'Twig_Error_Syntax' with message 'Unexpected "endfor" tag (expecting closing tag for the "if" tag defined near line 24) in "/Users/gaumup/Projects/ironmanvn/themes/responsiv-flat/pages/blog/blog.htm" at line 28.' in /Users/gaumup/Projects/ironmanvn/vendor/twig/twig/lib/Twig/Parser.php:172
Stack trace:
#0 /Users/gaumup/Projects/ironmanvn/vendor/twig/twig/lib/Twig/TokenParser/If.php(43): Twig_Parser->subparse(Array)
#1 /Users/gaumup/Projects/ironmanvn/vendor/twig/twig/lib/Twig/Parser.php(187): Twig_TokenParser_If->parse(Object(Twig_Token))
#2 /Users/gaumup/Projects/ironmanvn/vendor/twig/twig/lib/Twig/TokenParser/For.php(40): Twig_Parser->subparse(Array)
#3 /Users/gaumup/Projects/ironmanvn/vendor/twig/twig/lib/Twig/Parser.php(187): Twig_TokenParser_For->parse(Object(Twig_Token))
#4 /Users/gaumup/Projects/ironmanvn/vendor/twig/twig/lib/Twig/TokenParser/If.php(34): Twig_Parser->subparse(Array)
#5 /Users/gaumup/Projects/ironmanvn/vendor/twig/twig/lib/Twig/Parser.php(187): Twig_TokenParser_If->parse(Object(Twig_Token))
#6 /Users/gaumup/Projects/ironmanvn/vendor/twig/twig/lib/Twig/Parser.php(100): Twig_Parser->subparse(NULL, false)
#7 /Users/gaumup/Projects/ironmanvn/vendor/twig/twig/lib/Twig/Environment.php(615): Twig_Parser->parse(Object(Twig_TokenStream))
#8 /Users/gaumup/Projects/ironmanvn/vendor/twig/twig/lib/Twig/Environment.php(667): Twig_Environment->parse(Object(Twig_TokenStream))
#9 /Users/gaumup/Projects/ironmanvn/vendor/twig/twig/lib/Twig/Environment.php(396): Twig_Environment->compileSource('<section id="la...', '/Users/gaumup/P...')
#10 /Users/gaumup/Projects/ironmanvn/modules/cms/Classes/Controller.php(370): Twig_Environment->loadTemplate('/Users/gaumup/P...')
#11 /Users/gaumup/Projects/ironmanvn/modules/cms/Classes/Controller.php(209): Cms\Classes\Controller->runPage(Object(Cms\Classes\Page))
#12 /Users/gaumup/Projects/ironmanvn/modules/cms/Classes/CmsController.php(48): Cms\Classes\Controller->run('blog')
#13 [internal function]: Cms\Classes\CmsController->run('blog')
#14 /Users/gaumup/Projects/ironmanvn/vendor/laravel/framework/src/Illuminate/Routing/Controller.php(246): call_user_func_array(Array, Array)
#15 /Users/gaumup/Projects/ironmanvn/vendor/laravel/framework/src/Illuminate/Routing/ControllerDispatcher.php(162): Illuminate\Routing\Controller->callAction('run', Array)
#16 /Users/gaumup/Projects/ironmanvn/vendor/laravel/framework/src/Illuminate/Routing/ControllerDispatcher.php(107): Illuminate\Routing\ControllerDispatcher->call(Object(Cms\Classes\CmsController), Object(Illuminate\Routing\Route), 'run')
#17 [internal function]: Illuminate\Routing\ControllerDispatcher->Illuminate\Routing\{closure}(Object(Illuminate\Http\Request))
#18 /Users/gaumup/Projects/ironmanvn/vendor/laravel/framework/src/Illuminate/Pipeline/Pipeline.php(141): call_user_func(Object(Closure), Object(Illuminate\Http\Request))
#19 [internal function]: Illuminate\Pipeline\Pipeline->Illuminate\Pipeline\{closure}(Object(Illuminate\Http\Request))
#20 /Users/gaumup/Projects/ironmanvn/vendor/laravel/framework/src/Illuminate/Pipeline/Pipeline.php(101): call_user_func(Object(Closure), Object(Illuminate\Http\Request))
#21 /Users/gaumup/Projects/ironmanvn/vendor/laravel/framework/src/Illuminate/Routing/ControllerDispatcher.php(108): Illuminate\Pipeline\Pipeline->then(Object(Closure))
#22 /Users/gaumup/Projects/ironmanvn/vendor/laravel/framework/src/Illuminate/Routing/ControllerDispatcher.php(67): Illuminate\Routing\ControllerDispatcher->callWithinStack(Object(Cms\Classes\CmsController), Object(Illuminate\Routing\Route), Object(Illuminate\Http\Request), 'run')
#23 /Users/gaumup/Projects/ironmanvn/vendor/laravel/framework/src/Illuminate/Routing/Route.php(204): Illuminate\Routing\ControllerDispatcher->dispatch(Object(Illuminate\Routing\Route), Object(Illuminate\Http\Request), 'Cms\\Classes\\Cms...', 'run')
#24 /Users/gaumup/Projects/ironmanvn/vendor/laravel/framework/src/Illuminate/Routing/Route.php(134): Illuminate\Routing\Route->runWithCustomDispatcher(Object(Illuminate\Http\Request))
#25 /Users/gaumup/Projects/ironmanvn/vendor/laravel/framework/src/Illuminate/Routing/Router.php(701): Illuminate\Routing\Route->run(Object(Illuminate\Http\Request))
#26 [internal function]: Illuminate\Routing\Router->Illuminate\Routing\{closure}(Object(Illuminate\Http\Request))
#27 /Users/gaumup/Projects/ironmanvn/vendor/laravel/framework/src/Illuminate/Pipeline/Pipeline.php(141): call_user_func(Object(Closure), Object(Illuminate\Http\Request))
#28 [internal function]: Illuminate\Pipeline\Pipeline->Illuminate\Pipeline\{closure}(Object(Illuminate\Http\Request))
#29 /Users/gaumup/Projects/ironmanvn/vendor/laravel/framework/src/Illuminate/Pipeline/Pipeline.php(101): call_user_func(Object(Closure), Object(Illuminate\Http\Request))
#30 /Users/gaumup/Projects/ironmanvn/vendor/laravel/framework/src/Illuminate/Routing/Router.php(703): Illuminate\Pipeline\Pipeline->then(Object(Closure))
#31 /Users/gaumup/Projects/ironmanvn/vendor/laravel/framework/src/Illuminate/Routing/Router.php(670): Illuminate\Routing\Router->runRouteWithinStack(Object(Illuminate\Routing\Route), Object(Illuminate\Http\Request))
#32 /Users/gaumup/Projects/ironmanvn/vendor/laravel/framework/src/Illuminate/Routing/Router.php(628): Illuminate\Routing\Router->dispatchToRoute(Object(Illuminate\Http\Request))
#33 /Users/gaumup/Projects/ironmanvn/vendor/laravel/framework/src/Illuminate/Foundation/Http/Kernel.php(214): Illuminate\Routing\Router->dispatch(Object(Illuminate\Http\Request))
#34 [internal function]: Illuminate\Foundation\Http\Kernel->Illuminate\Foundation\Http\{closure}(Object(Illuminate\Http\Request))
#35 /Users/gaumup/Projects/ironmanvn/vendor/laravel/framework/src/Illuminate/Pipeline/Pipeline.php(141): call_user_func(Object(Closure), Object(Illuminate\Http\Request))
#36 /Users/gaumup/Projects/ironmanvn/vendor/laravel/framework/src/Illuminate/View/Middleware/ShareErrorsFromSession.php(55): Illuminate\Pipeline\Pipeline->Illuminate\Pipeline\{closure}(Object(Illuminate\Http\Request))
#37 /Users/gaumup/Projects/ironmanvn/vendor/laravel/framework/src/Illuminate/Pipeline/Pipeline.php(125): Illuminate\View\Middleware\ShareErrorsFromSession->handle(Object(Illuminate\Http\Request), Object(Closure))
#38 /Users/gaumup/Projects/ironmanvn/vendor/laravel/framework/src/Illuminate/Session/Middleware/StartSession.php(61): Illuminate\Pipeline\Pipeline->Illuminate\Pipeline\{closure}(Object(Illuminate\Http\Request))
#39 /Users/gaumup/Projects/ironmanvn/vendor/laravel/framework/src/Illuminate/Pipeline/Pipeline.php(125): Illuminate\Session\Middleware\StartSession->handle(Object(Illuminate\Http\Request), Object(Closure))
#40 /Users/gaumup/Projects/ironmanvn/vendor/laravel/framework/src/Illuminate/Cookie/Middleware/AddQueuedCookiesToResponse.php(36): Illuminate\Pipeline\Pipeline->Illuminate\Pipeline\{closure}(Object(Illuminate\Http\Request))
#41 /Users/gaumup/Projects/ironmanvn/vendor/laravel/framework/src/Illuminate/Pipeline/Pipeline.php(125): Illuminate\Cookie\Middleware\AddQueuedCookiesToResponse->handle(Object(Illuminate\Http\Request), Object(Closure))
#42 /Users/gaumup/Projects/ironmanvn/vendor/laravel/framework/src/Illuminate/Cookie/Middleware/EncryptCookies.php(40): Illuminate\Pipeline\Pipeline->Illuminate\Pipeline\{closure}(Object(Illuminate\Http\Request))
#43 /Users/gaumup/Projects/ironmanvn/vendor/laravel/framework/src/Illuminate/Pipeline/Pipeline.php(125): Illuminate\Cookie\Middleware\EncryptCookies->handle(Object(Illuminate\Http\Request), Object(Closure))
#44 /Users/gaumup/Projects/ironmanvn/vendor/laravel/framework/src/Illuminate/Foundation/Http/Middleware/CheckForMaintenanceMode.php(42): Illuminate\Pipeline\Pipeline->Illuminate\Pipeline\{closure}(Object(Illuminate\Http\Request))
#45 /Users/gaumup/Projects/ironmanvn/vendor/laravel/framework/src/Illuminate/Pipeline/Pipeline.php(125): Illuminate\Foundation\Http\Middleware\CheckForMaintenanceMode->handle(Object(Illuminate\Http\Request), Object(Closure))
#46 [internal function]: Illuminate\Pipeline\Pipeline->Illuminate\Pipeline\{closure}(Object(Illuminate\Http\Request))
#47 /Users/gaumup/Projects/ironmanvn/vendor/laravel/framework/src/Illuminate/Pipeline/Pipeline.php(101): call_user_func(Object(Closure), Object(Illuminate\Http\Request))
#48 /Users/gaumup/Projects/ironmanvn/vendor/laravel/framework/src/Illuminate/Foundation/Http/Kernel.php(115): Illuminate\Pipeline\Pipeline->then(Object(Closure))
#49 /Users/gaumup/Projects/ironmanvn/vendor/laravel/framework/src/Illuminate/Foundation/Http/Kernel.php(84): Illuminate\Foundation\Http\Kernel->sendRequestThroughRouter(Object(Illuminate\Http\Request))
#50 /Users/gaumup/Projects/ironmanvn/index.php(44): Illuminate\Foundation\Http\Kernel->handle(Object(Illuminate\Http\Request))
#51 {main}  
[2016-04-13 13:41:16] production.ERROR: exception 'Twig_Error_Syntax' with message 'Unknown "_" filter. Did you mean "url_encode", "time_tense", "time_since", "json_encode", "date_modify", "number_format", "convert_encoding" in "/Users/gaumup/Projects/ironmanvn/themes/responsiv-flat/pages/blog/blog.htm" at line 46?' in /Users/gaumup/Projects/ironmanvn/vendor/twig/twig/lib/Twig/ExpressionParser.php:604
Stack trace:
#0 /Users/gaumup/Projects/ironmanvn/vendor/twig/twig/lib/Twig/ExpressionParser.php(458): Twig_ExpressionParser->getFilterNodeClass('_', 46)
#1 /Users/gaumup/Projects/ironmanvn/vendor/twig/twig/lib/Twig/ExpressionParser.php(443): Twig_ExpressionParser->parseFilterExpressionRaw(Object(Twig_Node_Expression_Constant))
#2 /Users/gaumup/Projects/ironmanvn/vendor/twig/twig/lib/Twig/ExpressionParser.php(302): Twig_ExpressionParser->parseFilterExpression(Object(Twig_Node_Expression_Constant))
#3 /Users/gaumup/Projects/ironmanvn/vendor/twig/twig/lib/Twig/ExpressionParser.php(194): Twig_ExpressionParser->parsePostfixExpression(Object(Twig_Node_Expression_Constant))
#4 /Users/gaumup/Projects/ironmanvn/vendor/twig/twig/lib/Twig/ExpressionParser.php(84): Twig_ExpressionParser->parsePrimaryExpression()
#5 /Users/gaumup/Projects/ironmanvn/vendor/twig/twig/lib/Twig/ExpressionParser.php(41): Twig_ExpressionParser->getPrimary()
#6 /Users/gaumup/Projects/ironmanvn/vendor/twig/twig/lib/Twig/Parser.php(144): Twig_ExpressionParser->parseExpression()
#7 /Users/gaumup/Projects/ironmanvn/vendor/twig/twig/lib/Twig/TokenParser/If.php(43): Twig_Parser->subparse(Array)
#8 /Users/gaumup/Projects/ironmanvn/vendor/twig/twig/lib/Twig/Parser.php(187): Twig_TokenParser_If->parse(Object(Twig_Token))
#9 /Users/gaumup/Projects/ironmanvn/vendor/twig/twig/lib/Twig/Parser.php(100): Twig_Parser->subparse(NULL, false)
#10 /Users/gaumup/Projects/ironmanvn/vendor/twig/twig/lib/Twig/Environment.php(615): Twig_Parser->parse(Object(Twig_TokenStream))
#11 /Users/gaumup/Projects/ironmanvn/vendor/twig/twig/lib/Twig/Environment.php(667): Twig_Environment->parse(Object(Twig_TokenStream))
#12 /Users/gaumup/Projects/ironmanvn/vendor/twig/twig/lib/Twig/Environment.php(396): Twig_Environment->compileSource('<section id="la...', '/Users/gaumup/P...')
#13 /Users/gaumup/Projects/ironmanvn/modules/cms/Classes/Controller.php(370): Twig_Environment->loadTemplate('/Users/gaumup/P...')
#14 /Users/gaumup/Projects/ironmanvn/modules/cms/Classes/Controller.php(209): Cms\Classes\Controller->runPage(Object(Cms\Classes\Page))
#15 /Users/gaumup/Projects/ironmanvn/modules/cms/Classes/CmsController.php(48): Cms\Classes\Controller->run('blog')
#16 [internal function]: Cms\Classes\CmsController->run('blog')
#17 /Users/gaumup/Projects/ironmanvn/vendor/laravel/framework/src/Illuminate/Routing/Controller.php(246): call_user_func_array(Array, Array)
#18 /Users/gaumup/Projects/ironmanvn/vendor/laravel/framework/src/Illuminate/Routing/ControllerDispatcher.php(162): Illuminate\Routing\Controller->callAction('run', Array)
#19 /Users/gaumup/Projects/ironmanvn/vendor/laravel/framework/src/Illuminate/Routing/ControllerDispatcher.php(107): Illuminate\Routing\ControllerDispatcher->call(Object(Cms\Classes\CmsController), Object(Illuminate\Routing\Route), 'run')
#20 [internal function]: Illuminate\Routing\ControllerDispatcher->Illuminate\Routing\{closure}(Object(Illuminate\Http\Request))
#21 /Users/gaumup/Projects/ironmanvn/vendor/laravel/framework/src/Illuminate/Pipeline/Pipeline.php(141): call_user_func(Object(Closure), Object(Illuminate\Http\Request))
#22 [internal function]: Illuminate\Pipeline\Pipeline->Illuminate\Pipeline\{closure}(Object(Illuminate\Http\Request))
#23 /Users/gaumup/Projects/ironmanvn/vendor/laravel/framework/src/Illuminate/Pipeline/Pipeline.php(101): call_user_func(Object(Closure), Object(Illuminate\Http\Request))
#24 /Users/gaumup/Projects/ironmanvn/vendor/laravel/framework/src/Illuminate/Routing/ControllerDispatcher.php(108): Illuminate\Pipeline\Pipeline->then(Object(Closure))
#25 /Users/gaumup/Projects/ironmanvn/vendor/laravel/framework/src/Illuminate/Routing/ControllerDispatcher.php(67): Illuminate\Routing\ControllerDispatcher->callWithinStack(Object(Cms\Classes\CmsController), Object(Illuminate\Routing\Route), Object(Illuminate\Http\Request), 'run')
#26 /Users/gaumup/Projects/ironmanvn/vendor/laravel/framework/src/Illuminate/Routing/Route.php(204): Illuminate\Routing\ControllerDispatcher->dispatch(Object(Illuminate\Routing\Route), Object(Illuminate\Http\Request), 'Cms\\Classes\\Cms...', 'run')
#27 /Users/gaumup/Projects/ironmanvn/vendor/laravel/framework/src/Illuminate/Routing/Route.php(134): Illuminate\Routing\Route->runWithCustomDispatcher(Object(Illuminate\Http\Request))
#28 /Users/gaumup/Projects/ironmanvn/vendor/laravel/framework/src/Illuminate/Routing/Router.php(701): Illuminate\Routing\Route->run(Object(Illuminate\Http\Request))
#29 [internal function]: Illuminate\Routing\Router->Illuminate\Routing\{closure}(Object(Illuminate\Http\Request))
#30 /Users/gaumup/Projects/ironmanvn/vendor/laravel/framework/src/Illuminate/Pipeline/Pipeline.php(141): call_user_func(Object(Closure), Object(Illuminate\Http\Request))
#31 [internal function]: Illuminate\Pipeline\Pipeline->Illuminate\Pipeline\{closure}(Object(Illuminate\Http\Request))
#32 /Users/gaumup/Projects/ironmanvn/vendor/laravel/framework/src/Illuminate/Pipeline/Pipeline.php(101): call_user_func(Object(Closure), Object(Illuminate\Http\Request))
#33 /Users/gaumup/Projects/ironmanvn/vendor/laravel/framework/src/Illuminate/Routing/Router.php(703): Illuminate\Pipeline\Pipeline->then(Object(Closure))
#34 /Users/gaumup/Projects/ironmanvn/vendor/laravel/framework/src/Illuminate/Routing/Router.php(670): Illuminate\Routing\Router->runRouteWithinStack(Object(Illuminate\Routing\Route), Object(Illuminate\Http\Request))
#35 /Users/gaumup/Projects/ironmanvn/vendor/laravel/framework/src/Illuminate/Routing/Router.php(628): Illuminate\Routing\Router->dispatchToRoute(Object(Illuminate\Http\Request))
#36 /Users/gaumup/Projects/ironmanvn/vendor/laravel/framework/src/Illuminate/Foundation/Http/Kernel.php(214): Illuminate\Routing\Router->dispatch(Object(Illuminate\Http\Request))
#37 [internal function]: Illuminate\Foundation\Http\Kernel->Illuminate\Foundation\Http\{closure}(Object(Illuminate\Http\Request))
#38 /Users/gaumup/Projects/ironmanvn/vendor/laravel/framework/src/Illuminate/Pipeline/Pipeline.php(141): call_user_func(Object(Closure), Object(Illuminate\Http\Request))
#39 /Users/gaumup/Projects/ironmanvn/vendor/laravel/framework/src/Illuminate/View/Middleware/ShareErrorsFromSession.php(55): Illuminate\Pipeline\Pipeline->Illuminate\Pipeline\{closure}(Object(Illuminate\Http\Request))
#40 /Users/gaumup/Projects/ironmanvn/vendor/laravel/framework/src/Illuminate/Pipeline/Pipeline.php(125): Illuminate\View\Middleware\ShareErrorsFromSession->handle(Object(Illuminate\Http\Request), Object(Closure))
#41 /Users/gaumup/Projects/ironmanvn/vendor/laravel/framework/src/Illuminate/Session/Middleware/StartSession.php(61): Illuminate\Pipeline\Pipeline->Illuminate\Pipeline\{closure}(Object(Illuminate\Http\Request))
#42 /Users/gaumup/Projects/ironmanvn/vendor/laravel/framework/src/Illuminate/Pipeline/Pipeline.php(125): Illuminate\Session\Middleware\StartSession->handle(Object(Illuminate\Http\Request), Object(Closure))
#43 /Users/gaumup/Projects/ironmanvn/vendor/laravel/framework/src/Illuminate/Cookie/Middleware/AddQueuedCookiesToResponse.php(36): Illuminate\Pipeline\Pipeline->Illuminate\Pipeline\{closure}(Object(Illuminate\Http\Request))
#44 /Users/gaumup/Projects/ironmanvn/vendor/laravel/framework/src/Illuminate/Pipeline/Pipeline.php(125): Illuminate\Cookie\Middleware\AddQueuedCookiesToResponse->handle(Object(Illuminate\Http\Request), Object(Closure))
#45 /Users/gaumup/Projects/ironmanvn/vendor/laravel/framework/src/Illuminate/Cookie/Middleware/EncryptCookies.php(40): Illuminate\Pipeline\Pipeline->Illuminate\Pipeline\{closure}(Object(Illuminate\Http\Request))
#46 /Users/gaumup/Projects/ironmanvn/vendor/laravel/framework/src/Illuminate/Pipeline/Pipeline.php(125): Illuminate\Cookie\Middleware\EncryptCookies->handle(Object(Illuminate\Http\Request), Object(Closure))
#47 /Users/gaumup/Projects/ironmanvn/vendor/laravel/framework/src/Illuminate/Foundation/Http/Middleware/CheckForMaintenanceMode.php(42): Illuminate\Pipeline\Pipeline->Illuminate\Pipeline\{closure}(Object(Illuminate\Http\Request))
#48 /Users/gaumup/Projects/ironmanvn/vendor/laravel/framework/src/Illuminate/Pipeline/Pipeline.php(125): Illuminate\Foundation\Http\Middleware\CheckForMaintenanceMode->handle(Object(Illuminate\Http\Request), Object(Closure))
#49 [internal function]: Illuminate\Pipeline\Pipeline->Illuminate\Pipeline\{closure}(Object(Illuminate\Http\Request))
#50 /Users/gaumup/Projects/ironmanvn/vendor/laravel/framework/src/Illuminate/Pipeline/Pipeline.php(101): call_user_func(Object(Closure), Object(Illuminate\Http\Request))
#51 /Users/gaumup/Projects/ironmanvn/vendor/laravel/framework/src/Illuminate/Foundation/Http/Kernel.php(115): Illuminate\Pipeline\Pipeline->then(Object(Closure))
#52 /Users/gaumup/Projects/ironmanvn/vendor/laravel/framework/src/Illuminate/Foundation/Http/Kernel.php(84): Illuminate\Foundation\Http\Kernel->sendRequestThroughRouter(Object(Illuminate\Http\Request))
#53 /Users/gaumup/Projects/ironmanvn/index.php(44): Illuminate\Foundation\Http\Kernel->handle(Object(Illuminate\Http\Request))
#54 {main}  
[2016-04-13 13:42:02] production.ERROR: exception 'Twig_Error_Syntax' with message 'Unexpected ")" in "/Users/gaumup/Projects/ironmanvn/themes/responsiv-flat/pages/blog/blog.htm" at line 19.' in /Users/gaumup/Projects/ironmanvn/vendor/twig/twig/lib/Twig/Lexer.php:259
Stack trace:
#0 /Users/gaumup/Projects/ironmanvn/vendor/twig/twig/lib/Twig/Lexer.php(216): Twig_Lexer->lexExpression()
#1 /Users/gaumup/Projects/ironmanvn/vendor/twig/twig/lib/Twig/Lexer.php(115): Twig_Lexer->lexVar()
#2 /Users/gaumup/Projects/ironmanvn/vendor/twig/twig/lib/Twig/Environment.php(577): Twig_Lexer->tokenize('<section id="la...', '/Users/gaumup/P...')
#3 /Users/gaumup/Projects/ironmanvn/vendor/twig/twig/lib/Twig/Environment.php(667): Twig_Environment->tokenize('<section id="la...', '/Users/gaumup/P...')
#4 /Users/gaumup/Projects/ironmanvn/vendor/twig/twig/lib/Twig/Environment.php(396): Twig_Environment->compileSource('<section id="la...', '/Users/gaumup/P...')
#5 /Users/gaumup/Projects/ironmanvn/modules/cms/Classes/Controller.php(370): Twig_Environment->loadTemplate('/Users/gaumup/P...')
#6 /Users/gaumup/Projects/ironmanvn/modules/cms/Classes/Controller.php(209): Cms\Classes\Controller->runPage(Object(Cms\Classes\Page))
#7 /Users/gaumup/Projects/ironmanvn/modules/cms/Classes/CmsController.php(48): Cms\Classes\Controller->run('blog')
#8 [internal function]: Cms\Classes\CmsController->run('blog')
#9 /Users/gaumup/Projects/ironmanvn/vendor/laravel/framework/src/Illuminate/Routing/Controller.php(246): call_user_func_array(Array, Array)
#10 /Users/gaumup/Projects/ironmanvn/vendor/laravel/framework/src/Illuminate/Routing/ControllerDispatcher.php(162): Illuminate\Routing\Controller->callAction('run', Array)
#11 /Users/gaumup/Projects/ironmanvn/vendor/laravel/framework/src/Illuminate/Routing/ControllerDispatcher.php(107): Illuminate\Routing\ControllerDispatcher->call(Object(Cms\Classes\CmsController), Object(Illuminate\Routing\Route), 'run')
#12 [internal function]: Illuminate\Routing\ControllerDispatcher->Illuminate\Routing\{closure}(Object(Illuminate\Http\Request))
#13 /Users/gaumup/Projects/ironmanvn/vendor/laravel/framework/src/Illuminate/Pipeline/Pipeline.php(141): call_user_func(Object(Closure), Object(Illuminate\Http\Request))
#14 [internal function]: Illuminate\Pipeline\Pipeline->Illuminate\Pipeline\{closure}(Object(Illuminate\Http\Request))
#15 /Users/gaumup/Projects/ironmanvn/vendor/laravel/framework/src/Illuminate/Pipeline/Pipeline.php(101): call_user_func(Object(Closure), Object(Illuminate\Http\Request))
#16 /Users/gaumup/Projects/ironmanvn/vendor/laravel/framework/src/Illuminate/Routing/ControllerDispatcher.php(108): Illuminate\Pipeline\Pipeline->then(Object(Closure))
#17 /Users/gaumup/Projects/ironmanvn/vendor/laravel/framework/src/Illuminate/Routing/ControllerDispatcher.php(67): Illuminate\Routing\ControllerDispatcher->callWithinStack(Object(Cms\Classes\CmsController), Object(Illuminate\Routing\Route), Object(Illuminate\Http\Request), 'run')
#18 /Users/gaumup/Projects/ironmanvn/vendor/laravel/framework/src/Illuminate/Routing/Route.php(204): Illuminate\Routing\ControllerDispatcher->dispatch(Object(Illuminate\Routing\Route), Object(Illuminate\Http\Request), 'Cms\\Classes\\Cms...', 'run')
#19 /Users/gaumup/Projects/ironmanvn/vendor/laravel/framework/src/Illuminate/Routing/Route.php(134): Illuminate\Routing\Route->runWithCustomDispatcher(Object(Illuminate\Http\Request))
#20 /Users/gaumup/Projects/ironmanvn/vendor/laravel/framework/src/Illuminate/Routing/Router.php(701): Illuminate\Routing\Route->run(Object(Illuminate\Http\Request))
#21 [internal function]: Illuminate\Routing\Router->Illuminate\Routing\{closure}(Object(Illuminate\Http\Request))
#22 /Users/gaumup/Projects/ironmanvn/vendor/laravel/framework/src/Illuminate/Pipeline/Pipeline.php(141): call_user_func(Object(Closure), Object(Illuminate\Http\Request))
#23 [internal function]: Illuminate\Pipeline\Pipeline->Illuminate\Pipeline\{closure}(Object(Illuminate\Http\Request))
#24 /Users/gaumup/Projects/ironmanvn/vendor/laravel/framework/src/Illuminate/Pipeline/Pipeline.php(101): call_user_func(Object(Closure), Object(Illuminate\Http\Request))
#25 /Users/gaumup/Projects/ironmanvn/vendor/laravel/framework/src/Illuminate/Routing/Router.php(703): Illuminate\Pipeline\Pipeline->then(Object(Closure))
#26 /Users/gaumup/Projects/ironmanvn/vendor/laravel/framework/src/Illuminate/Routing/Router.php(670): Illuminate\Routing\Router->runRouteWithinStack(Object(Illuminate\Routing\Route), Object(Illuminate\Http\Request))
#27 /Users/gaumup/Projects/ironmanvn/vendor/laravel/framework/src/Illuminate/Routing/Router.php(628): Illuminate\Routing\Router->dispatchToRoute(Object(Illuminate\Http\Request))
#28 /Users/gaumup/Projects/ironmanvn/vendor/laravel/framework/src/Illuminate/Foundation/Http/Kernel.php(214): Illuminate\Routing\Router->dispatch(Object(Illuminate\Http\Request))
#29 [internal function]: Illuminate\Foundation\Http\Kernel->Illuminate\Foundation\Http\{closure}(Object(Illuminate\Http\Request))
#30 /Users/gaumup/Projects/ironmanvn/vendor/laravel/framework/src/Illuminate/Pipeline/Pipeline.php(141): call_user_func(Object(Closure), Object(Illuminate\Http\Request))
#31 /Users/gaumup/Projects/ironmanvn/vendor/laravel/framework/src/Illuminate/View/Middleware/ShareErrorsFromSession.php(55): Illuminate\Pipeline\Pipeline->Illuminate\Pipeline\{closure}(Object(Illuminate\Http\Request))
#32 /Users/gaumup/Projects/ironmanvn/vendor/laravel/framework/src/Illuminate/Pipeline/Pipeline.php(125): Illuminate\View\Middleware\ShareErrorsFromSession->handle(Object(Illuminate\Http\Request), Object(Closure))
#33 /Users/gaumup/Projects/ironmanvn/vendor/laravel/framework/src/Illuminate/Session/Middleware/StartSession.php(61): Illuminate\Pipeline\Pipeline->Illuminate\Pipeline\{closure}(Object(Illuminate\Http\Request))
#34 /Users/gaumup/Projects/ironmanvn/vendor/laravel/framework/src/Illuminate/Pipeline/Pipeline.php(125): Illuminate\Session\Middleware\StartSession->handle(Object(Illuminate\Http\Request), Object(Closure))
#35 /Users/gaumup/Projects/ironmanvn/vendor/laravel/framework/src/Illuminate/Cookie/Middleware/AddQueuedCookiesToResponse.php(36): Illuminate\Pipeline\Pipeline->Illuminate\Pipeline\{closure}(Object(Illuminate\Http\Request))
#36 /Users/gaumup/Projects/ironmanvn/vendor/laravel/framework/src/Illuminate/Pipeline/Pipeline.php(125): Illuminate\Cookie\Middleware\AddQueuedCookiesToResponse->handle(Object(Illuminate\Http\Request), Object(Closure))
#37 /Users/gaumup/Projects/ironmanvn/vendor/laravel/framework/src/Illuminate/Cookie/Middleware/EncryptCookies.php(40): Illuminate\Pipeline\Pipeline->Illuminate\Pipeline\{closure}(Object(Illuminate\Http\Request))
#38 /Users/gaumup/Projects/ironmanvn/vendor/laravel/framework/src/Illuminate/Pipeline/Pipeline.php(125): Illuminate\Cookie\Middleware\EncryptCookies->handle(Object(Illuminate\Http\Request), Object(Closure))
#39 /Users/gaumup/Projects/ironmanvn/vendor/laravel/framework/src/Illuminate/Foundation/Http/Middleware/CheckForMaintenanceMode.php(42): Illuminate\Pipeline\Pipeline->Illuminate\Pipeline\{closure}(Object(Illuminate\Http\Request))
#40 /Users/gaumup/Projects/ironmanvn/vendor/laravel/framework/src/Illuminate/Pipeline/Pipeline.php(125): Illuminate\Foundation\Http\Middleware\CheckForMaintenanceMode->handle(Object(Illuminate\Http\Request), Object(Closure))
#41 [internal function]: Illuminate\Pipeline\Pipeline->Illuminate\Pipeline\{closure}(Object(Illuminate\Http\Request))
#42 /Users/gaumup/Projects/ironmanvn/vendor/laravel/framework/src/Illuminate/Pipeline/Pipeline.php(101): call_user_func(Object(Closure), Object(Illuminate\Http\Request))
#43 /Users/gaumup/Projects/ironmanvn/vendor/laravel/framework/src/Illuminate/Foundation/Http/Kernel.php(115): Illuminate\Pipeline\Pipeline->then(Object(Closure))
#44 /Users/gaumup/Projects/ironmanvn/vendor/laravel/framework/src/Illuminate/Foundation/Http/Kernel.php(84): Illuminate\Foundation\Http\Kernel->sendRequestThroughRouter(Object(Illuminate\Http\Request))
#45 /Users/gaumup/Projects/ironmanvn/index.php(44): Illuminate\Foundation\Http\Kernel->handle(Object(Illuminate\Http\Request))
#46 {main}  
[2016-04-13 13:55:13] production.ERROR: exception 'Twig_Error_Syntax' with message 'Unknown "_" filter. Did you mean "url_encode", "time_tense", "time_since", "json_encode", "date_modify", "number_format", "convert_encoding" in "/Users/gaumup/Projects/ironmanvn/themes/responsiv-flat/partials/blog/pagination.htm" at line 44?' in /Users/gaumup/Projects/ironmanvn/vendor/twig/twig/lib/Twig/ExpressionParser.php:604
Stack trace:
#0 /Users/gaumup/Projects/ironmanvn/vendor/twig/twig/lib/Twig/ExpressionParser.php(458): Twig_ExpressionParser->getFilterNodeClass('_', 44)
#1 /Users/gaumup/Projects/ironmanvn/vendor/twig/twig/lib/Twig/ExpressionParser.php(443): Twig_ExpressionParser->parseFilterExpressionRaw(Object(Twig_Node_Expression_Constant))
#2 /Users/gaumup/Projects/ironmanvn/vendor/twig/twig/lib/Twig/ExpressionParser.php(302): Twig_ExpressionParser->parseFilterExpression(Object(Twig_Node_Expression_Constant))
#3 /Users/gaumup/Projects/ironmanvn/vendor/twig/twig/lib/Twig/ExpressionParser.php(194): Twig_ExpressionParser->parsePostfixExpression(Object(Twig_Node_Expression_Constant))
#4 /Users/gaumup/Projects/ironmanvn/vendor/twig/twig/lib/Twig/ExpressionParser.php(84): Twig_ExpressionParser->parsePrimaryExpression()
#5 /Users/gaumup/Projects/ironmanvn/vendor/twig/twig/lib/Twig/ExpressionParser.php(41): Twig_ExpressionParser->getPrimary()
#6 /Users/gaumup/Projects/ironmanvn/vendor/twig/twig/lib/Twig/Parser.php(144): Twig_ExpressionParser->parseExpression()
#7 /Users/gaumup/Projects/ironmanvn/vendor/twig/twig/lib/Twig/TokenParser/If.php(34): Twig_Parser->subparse(Array)
#8 /Users/gaumup/Projects/ironmanvn/vendor/twig/twig/lib/Twig/Parser.php(187): Twig_TokenParser_If->parse(Object(Twig_Token))
#9 /Users/gaumup/Projects/ironmanvn/vendor/twig/twig/lib/Twig/Parser.php(100): Twig_Parser->subparse(NULL, false)
#10 /Users/gaumup/Projects/ironmanvn/vendor/twig/twig/lib/Twig/Environment.php(615): Twig_Parser->parse(Object(Twig_TokenStream))
#11 /Users/gaumup/Projects/ironmanvn/vendor/twig/twig/lib/Twig/Environment.php(667): Twig_Environment->parse(Object(Twig_TokenStream))
#12 /Users/gaumup/Projects/ironmanvn/vendor/twig/twig/lib/Twig/Environment.php(396): Twig_Environment->compileSource('{% if base is e...', '/Users/gaumup/P...')
#13 /Users/gaumup/Projects/ironmanvn/modules/cms/Classes/Controller.php(899): Twig_Environment->loadTemplate('/Users/gaumup/P...')
#14 /Users/gaumup/Projects/ironmanvn/modules/cms/Twig/Extension.php(117): Cms\Classes\Controller->renderPartial('blog/pagination', Array)
#15 /Users/gaumup/Projects/ironmanvn/vendor/twig/twig/lib/Twig/Environment.php(403) : eval()'d code(115): Cms\Twig\Extension->partialFunction('blog/pagination', Array)
#16 /Users/gaumup/Projects/ironmanvn/vendor/twig/twig/lib/Twig/Template.php(381): __TwigTemplate_b76bb277572b0a0e9344d4d48bba6a7a7ea99b7c3ce5acadcf2ff853ed804fae->doDisplay(Array, Array)
#17 /Users/gaumup/Projects/ironmanvn/vendor/twig/twig/lib/Twig/Template.php(355): Twig_Template->displayWithErrorHandling(Array, Array)
#18 /Users/gaumup/Projects/ironmanvn/vendor/twig/twig/lib/Twig/Template.php(366): Twig_Template->display(Array)
#19 /Users/gaumup/Projects/ironmanvn/modules/cms/Classes/Controller.php(371): Twig_Template->render(Array)
#20 /Users/gaumup/Projects/ironmanvn/modules/cms/Classes/Controller.php(209): Cms\Classes\Controller->runPage(Object(Cms\Classes\Page))
#21 /Users/gaumup/Projects/ironmanvn/modules/cms/Classes/CmsController.php(48): Cms\Classes\Controller->run('blog')
#22 [internal function]: Cms\Classes\CmsController->run('blog')
#23 /Users/gaumup/Projects/ironmanvn/vendor/laravel/framework/src/Illuminate/Routing/Controller.php(246): call_user_func_array(Array, Array)
#24 /Users/gaumup/Projects/ironmanvn/vendor/laravel/framework/src/Illuminate/Routing/ControllerDispatcher.php(162): Illuminate\Routing\Controller->callAction('run', Array)
#25 /Users/gaumup/Projects/ironmanvn/vendor/laravel/framework/src/Illuminate/Routing/ControllerDispatcher.php(107): Illuminate\Routing\ControllerDispatcher->call(Object(Cms\Classes\CmsController), Object(Illuminate\Routing\Route), 'run')
#26 [internal function]: Illuminate\Routing\ControllerDispatcher->Illuminate\Routing\{closure}(Object(Illuminate\Http\Request))
#27 /Users/gaumup/Projects/ironmanvn/vendor/laravel/framework/src/Illuminate/Pipeline/Pipeline.php(141): call_user_func(Object(Closure), Object(Illuminate\Http\Request))
#28 [internal function]: Illuminate\Pipeline\Pipeline->Illuminate\Pipeline\{closure}(Object(Illuminate\Http\Request))
#29 /Users/gaumup/Projects/ironmanvn/vendor/laravel/framework/src/Illuminate/Pipeline/Pipeline.php(101): call_user_func(Object(Closure), Object(Illuminate\Http\Request))
#30 /Users/gaumup/Projects/ironmanvn/vendor/laravel/framework/src/Illuminate/Routing/ControllerDispatcher.php(108): Illuminate\Pipeline\Pipeline->then(Object(Closure))
#31 /Users/gaumup/Projects/ironmanvn/vendor/laravel/framework/src/Illuminate/Routing/ControllerDispatcher.php(67): Illuminate\Routing\ControllerDispatcher->callWithinStack(Object(Cms\Classes\CmsController), Object(Illuminate\Routing\Route), Object(Illuminate\Http\Request), 'run')
#32 /Users/gaumup/Projects/ironmanvn/vendor/laravel/framework/src/Illuminate/Routing/Route.php(204): Illuminate\Routing\ControllerDispatcher->dispatch(Object(Illuminate\Routing\Route), Object(Illuminate\Http\Request), 'Cms\\Classes\\Cms...', 'run')
#33 /Users/gaumup/Projects/ironmanvn/vendor/laravel/framework/src/Illuminate/Routing/Route.php(134): Illuminate\Routing\Route->runWithCustomDispatcher(Object(Illuminate\Http\Request))
#34 /Users/gaumup/Projects/ironmanvn/vendor/laravel/framework/src/Illuminate/Routing/Router.php(701): Illuminate\Routing\Route->run(Object(Illuminate\Http\Request))
#35 [internal function]: Illuminate\Routing\Router->Illuminate\Routing\{closure}(Object(Illuminate\Http\Request))
#36 /Users/gaumup/Projects/ironmanvn/vendor/laravel/framework/src/Illuminate/Pipeline/Pipeline.php(141): call_user_func(Object(Closure), Object(Illuminate\Http\Request))
#37 [internal function]: Illuminate\Pipeline\Pipeline->Illuminate\Pipeline\{closure}(Object(Illuminate\Http\Request))
#38 /Users/gaumup/Projects/ironmanvn/vendor/laravel/framework/src/Illuminate/Pipeline/Pipeline.php(101): call_user_func(Object(Closure), Object(Illuminate\Http\Request))
#39 /Users/gaumup/Projects/ironmanvn/vendor/laravel/framework/src/Illuminate/Routing/Router.php(703): Illuminate\Pipeline\Pipeline->then(Object(Closure))
#40 /Users/gaumup/Projects/ironmanvn/vendor/laravel/framework/src/Illuminate/Routing/Router.php(670): Illuminate\Routing\Router->runRouteWithinStack(Object(Illuminate\Routing\Route), Object(Illuminate\Http\Request))
#41 /Users/gaumup/Projects/ironmanvn/vendor/laravel/framework/src/Illuminate/Routing/Router.php(628): Illuminate\Routing\Router->dispatchToRoute(Object(Illuminate\Http\Request))
#42 /Users/gaumup/Projects/ironmanvn/vendor/laravel/framework/src/Illuminate/Foundation/Http/Kernel.php(214): Illuminate\Routing\Router->dispatch(Object(Illuminate\Http\Request))
#43 [internal function]: Illuminate\Foundation\Http\Kernel->Illuminate\Foundation\Http\{closure}(Object(Illuminate\Http\Request))
#44 /Users/gaumup/Projects/ironmanvn/vendor/laravel/framework/src/Illuminate/Pipeline/Pipeline.php(141): call_user_func(Object(Closure), Object(Illuminate\Http\Request))
#45 /Users/gaumup/Projects/ironmanvn/vendor/laravel/framework/src/Illuminate/View/Middleware/ShareErrorsFromSession.php(55): Illuminate\Pipeline\Pipeline->Illuminate\Pipeline\{closure}(Object(Illuminate\Http\Request))
#46 /Users/gaumup/Projects/ironmanvn/vendor/laravel/framework/src/Illuminate/Pipeline/Pipeline.php(125): Illuminate\View\Middleware\ShareErrorsFromSession->handle(Object(Illuminate\Http\Request), Object(Closure))
#47 /Users/gaumup/Projects/ironmanvn/vendor/laravel/framework/src/Illuminate/Session/Middleware/StartSession.php(61): Illuminate\Pipeline\Pipeline->Illuminate\Pipeline\{closure}(Object(Illuminate\Http\Request))
#48 /Users/gaumup/Projects/ironmanvn/vendor/laravel/framework/src/Illuminate/Pipeline/Pipeline.php(125): Illuminate\Session\Middleware\StartSession->handle(Object(Illuminate\Http\Request), Object(Closure))
#49 /Users/gaumup/Projects/ironmanvn/vendor/laravel/framework/src/Illuminate/Cookie/Middleware/AddQueuedCookiesToResponse.php(36): Illuminate\Pipeline\Pipeline->Illuminate\Pipeline\{closure}(Object(Illuminate\Http\Request))
#50 /Users/gaumup/Projects/ironmanvn/vendor/laravel/framework/src/Illuminate/Pipeline/Pipeline.php(125): Illuminate\Cookie\Middleware\AddQueuedCookiesToResponse->handle(Object(Illuminate\Http\Request), Object(Closure))
#51 /Users/gaumup/Projects/ironmanvn/vendor/laravel/framework/src/Illuminate/Cookie/Middleware/EncryptCookies.php(40): Illuminate\Pipeline\Pipeline->Illuminate\Pipeline\{closure}(Object(Illuminate\Http\Request))
#52 /Users/gaumup/Projects/ironmanvn/vendor/laravel/framework/src/Illuminate/Pipeline/Pipeline.php(125): Illuminate\Cookie\Middleware\EncryptCookies->handle(Object(Illuminate\Http\Request), Object(Closure))
#53 /Users/gaumup/Projects/ironmanvn/vendor/laravel/framework/src/Illuminate/Foundation/Http/Middleware/CheckForMaintenanceMode.php(42): Illuminate\Pipeline\Pipeline->Illuminate\Pipeline\{closure}(Object(Illuminate\Http\Request))
#54 /Users/gaumup/Projects/ironmanvn/vendor/laravel/framework/src/Illuminate/Pipeline/Pipeline.php(125): Illuminate\Foundation\Http\Middleware\CheckForMaintenanceMode->handle(Object(Illuminate\Http\Request), Object(Closure))
#55 [internal function]: Illuminate\Pipeline\Pipeline->Illuminate\Pipeline\{closure}(Object(Illuminate\Http\Request))
#56 /Users/gaumup/Projects/ironmanvn/vendor/laravel/framework/src/Illuminate/Pipeline/Pipeline.php(101): call_user_func(Object(Closure), Object(Illuminate\Http\Request))
#57 /Users/gaumup/Projects/ironmanvn/vendor/laravel/framework/src/Illuminate/Foundation/Http/Kernel.php(115): Illuminate\Pipeline\Pipeline->then(Object(Closure))
#58 /Users/gaumup/Projects/ironmanvn/vendor/laravel/framework/src/Illuminate/Foundation/Http/Kernel.php(84): Illuminate\Foundation\Http\Kernel->sendRequestThroughRouter(Object(Illuminate\Http\Request))
#59 /Users/gaumup/Projects/ironmanvn/index.php(44): Illuminate\Foundation\Http\Kernel->handle(Object(Illuminate\Http\Request))
#60 {main}  
[2016-04-13 21:46:34] production.ERROR: exception 'Twig_Error_Syntax' with message 'Unexpected token "end of print statement" of value "" in "/Users/gaumup/Projects/ironmanvn/themes/responsiv-flat/partials/nav.htm" at line 14.' in /Users/gaumup/Projects/ironmanvn/vendor/twig/twig/lib/Twig/ExpressionParser.php:190
Stack trace:
#0 /Users/gaumup/Projects/ironmanvn/vendor/twig/twig/lib/Twig/ExpressionParser.php(84): Twig_ExpressionParser->parsePrimaryExpression()
#1 /Users/gaumup/Projects/ironmanvn/vendor/twig/twig/lib/Twig/ExpressionParser.php(41): Twig_ExpressionParser->getPrimary()
#2 /Users/gaumup/Projects/ironmanvn/vendor/twig/twig/lib/Twig/ExpressionParser.php(93): Twig_ExpressionParser->parseExpression()
#3 /Users/gaumup/Projects/ironmanvn/vendor/twig/twig/lib/Twig/ExpressionParser.php(59): Twig_ExpressionParser->parseConditionalExpression(Object(Twig_Node_Expression_Binary_Equal))
#4 /Users/gaumup/Projects/ironmanvn/vendor/twig/twig/lib/Twig/Parser.php(144): Twig_ExpressionParser->parseExpression()
#5 /Users/gaumup/Projects/ironmanvn/vendor/twig/twig/lib/Twig/Parser.php(100): Twig_Parser->subparse(NULL, false)
#6 /Users/gaumup/Projects/ironmanvn/vendor/twig/twig/lib/Twig/Environment.php(615): Twig_Parser->parse(Object(Twig_TokenStream))
#7 /Users/gaumup/Projects/ironmanvn/vendor/twig/twig/lib/Twig/Environment.php(667): Twig_Environment->parse(Object(Twig_TokenStream))
#8 /Users/gaumup/Projects/ironmanvn/vendor/twig/twig/lib/Twig/Environment.php(396): Twig_Environment->compileSource('<nav id="layout...', '/Users/gaumup/P...')
#9 /Users/gaumup/Projects/ironmanvn/modules/cms/Classes/Controller.php(899): Twig_Environment->loadTemplate('/Users/gaumup/P...')
#10 /Users/gaumup/Projects/ironmanvn/modules/cms/Twig/Extension.php(117): Cms\Classes\Controller->renderPartial('nav', Array)
#11 /Users/gaumup/Projects/ironmanvn/storage/cms/twig/79/7901eb99c12db1ac41fb0d28f821438646fc13d3a826a2f193b86e6e9d9bbe0e.php(57): Cms\Twig\Extension->partialFunction('nav', Array)
#12 /Users/gaumup/Projects/ironmanvn/vendor/twig/twig/lib/Twig/Template.php(381): __TwigTemplate_7137f861d0c330877f13e450e917384bd7963c8207f3c84564a92447401768f0->doDisplay(Array, Array)
#13 /Users/gaumup/Projects/ironmanvn/vendor/twig/twig/lib/Twig/Template.php(355): Twig_Template->displayWithErrorHandling(Array, Array)
#14 /Users/gaumup/Projects/ironmanvn/vendor/twig/twig/lib/Twig/Template.php(366): Twig_Template->display(Array)
#15 /Users/gaumup/Projects/ironmanvn/modules/cms/Classes/Controller.php(381): Twig_Template->render(Array)
#16 /Users/gaumup/Projects/ironmanvn/modules/cms/Classes/Controller.php(209): Cms\Classes\Controller->runPage(Object(Cms\Classes\Page))
#17 /Users/gaumup/Projects/ironmanvn/modules/cms/Classes/CmsController.php(48): Cms\Classes\Controller->run('news/tin-tuc/vn...')
#18 [internal function]: Cms\Classes\CmsController->run('news/tin-tuc/vn...')
#19 /Users/gaumup/Projects/ironmanvn/vendor/laravel/framework/src/Illuminate/Routing/Controller.php(246): call_user_func_array(Array, Array)
#20 /Users/gaumup/Projects/ironmanvn/vendor/laravel/framework/src/Illuminate/Routing/ControllerDispatcher.php(162): Illuminate\Routing\Controller->callAction('run', Array)
#21 /Users/gaumup/Projects/ironmanvn/vendor/laravel/framework/src/Illuminate/Routing/ControllerDispatcher.php(107): Illuminate\Routing\ControllerDispatcher->call(Object(Cms\Classes\CmsController), Object(Illuminate\Routing\Route), 'run')
#22 [internal function]: Illuminate\Routing\ControllerDispatcher->Illuminate\Routing\{closure}(Object(Illuminate\Http\Request))
#23 /Users/gaumup/Projects/ironmanvn/vendor/laravel/framework/src/Illuminate/Pipeline/Pipeline.php(141): call_user_func(Object(Closure), Object(Illuminate\Http\Request))
#24 [internal function]: Illuminate\Pipeline\Pipeline->Illuminate\Pipeline\{closure}(Object(Illuminate\Http\Request))
#25 /Users/gaumup/Projects/ironmanvn/vendor/laravel/framework/src/Illuminate/Pipeline/Pipeline.php(101): call_user_func(Object(Closure), Object(Illuminate\Http\Request))
#26 /Users/gaumup/Projects/ironmanvn/vendor/laravel/framework/src/Illuminate/Routing/ControllerDispatcher.php(108): Illuminate\Pipeline\Pipeline->then(Object(Closure))
#27 /Users/gaumup/Projects/ironmanvn/vendor/laravel/framework/src/Illuminate/Routing/ControllerDispatcher.php(67): Illuminate\Routing\ControllerDispatcher->callWithinStack(Object(Cms\Classes\CmsController), Object(Illuminate\Routing\Route), Object(Illuminate\Http\Request), 'run')
#28 /Users/gaumup/Projects/ironmanvn/vendor/laravel/framework/src/Illuminate/Routing/Route.php(204): Illuminate\Routing\ControllerDispatcher->dispatch(Object(Illuminate\Routing\Route), Object(Illuminate\Http\Request), 'Cms\\Classes\\Cms...', 'run')
#29 /Users/gaumup/Projects/ironmanvn/vendor/laravel/framework/src/Illuminate/Routing/Route.php(134): Illuminate\Routing\Route->runWithCustomDispatcher(Object(Illuminate\Http\Request))
#30 /Users/gaumup/Projects/ironmanvn/vendor/laravel/framework/src/Illuminate/Routing/Router.php(701): Illuminate\Routing\Route->run(Object(Illuminate\Http\Request))
#31 [internal function]: Illuminate\Routing\Router->Illuminate\Routing\{closure}(Object(Illuminate\Http\Request))
#32 /Users/gaumup/Projects/ironmanvn/vendor/laravel/framework/src/Illuminate/Pipeline/Pipeline.php(141): call_user_func(Object(Closure), Object(Illuminate\Http\Request))
#33 [internal function]: Illuminate\Pipeline\Pipeline->Illuminate\Pipeline\{closure}(Object(Illuminate\Http\Request))
#34 /Users/gaumup/Projects/ironmanvn/vendor/laravel/framework/src/Illuminate/Pipeline/Pipeline.php(101): call_user_func(Object(Closure), Object(Illuminate\Http\Request))
#35 /Users/gaumup/Projects/ironmanvn/vendor/laravel/framework/src/Illuminate/Routing/Router.php(703): Illuminate\Pipeline\Pipeline->then(Object(Closure))
#36 /Users/gaumup/Projects/ironmanvn/vendor/laravel/framework/src/Illuminate/Routing/Router.php(670): Illuminate\Routing\Router->runRouteWithinStack(Object(Illuminate\Routing\Route), Object(Illuminate\Http\Request))
#37 /Users/gaumup/Projects/ironmanvn/vendor/laravel/framework/src/Illuminate/Routing/Router.php(628): Illuminate\Routing\Router->dispatchToRoute(Object(Illuminate\Http\Request))
#38 /Users/gaumup/Projects/ironmanvn/vendor/laravel/framework/src/Illuminate/Foundation/Http/Kernel.php(214): Illuminate\Routing\Router->dispatch(Object(Illuminate\Http\Request))
#39 [internal function]: Illuminate\Foundation\Http\Kernel->Illuminate\Foundation\Http\{closure}(Object(Illuminate\Http\Request))
#40 /Users/gaumup/Projects/ironmanvn/vendor/laravel/framework/src/Illuminate/Pipeline/Pipeline.php(141): call_user_func(Object(Closure), Object(Illuminate\Http\Request))
#41 /Users/gaumup/Projects/ironmanvn/vendor/laravel/framework/src/Illuminate/View/Middleware/ShareErrorsFromSession.php(55): Illuminate\Pipeline\Pipeline->Illuminate\Pipeline\{closure}(Object(Illuminate\Http\Request))
#42 /Users/gaumup/Projects/ironmanvn/vendor/laravel/framework/src/Illuminate/Pipeline/Pipeline.php(125): Illuminate\View\Middleware\ShareErrorsFromSession->handle(Object(Illuminate\Http\Request), Object(Closure))
#43 /Users/gaumup/Projects/ironmanvn/vendor/laravel/framework/src/Illuminate/Session/Middleware/StartSession.php(61): Illuminate\Pipeline\Pipeline->Illuminate\Pipeline\{closure}(Object(Illuminate\Http\Request))
#44 /Users/gaumup/Projects/ironmanvn/vendor/laravel/framework/src/Illuminate/Pipeline/Pipeline.php(125): Illuminate\Session\Middleware\StartSession->handle(Object(Illuminate\Http\Request), Object(Closure))
#45 /Users/gaumup/Projects/ironmanvn/vendor/laravel/framework/src/Illuminate/Cookie/Middleware/AddQueuedCookiesToResponse.php(36): Illuminate\Pipeline\Pipeline->Illuminate\Pipeline\{closure}(Object(Illuminate\Http\Request))
#46 /Users/gaumup/Projects/ironmanvn/vendor/laravel/framework/src/Illuminate/Pipeline/Pipeline.php(125): Illuminate\Cookie\Middleware\AddQueuedCookiesToResponse->handle(Object(Illuminate\Http\Request), Object(Closure))
#47 /Users/gaumup/Projects/ironmanvn/vendor/laravel/framework/src/Illuminate/Cookie/Middleware/EncryptCookies.php(40): Illuminate\Pipeline\Pipeline->Illuminate\Pipeline\{closure}(Object(Illuminate\Http\Request))
#48 /Users/gaumup/Projects/ironmanvn/vendor/laravel/framework/src/Illuminate/Pipeline/Pipeline.php(125): Illuminate\Cookie\Middleware\EncryptCookies->handle(Object(Illuminate\Http\Request), Object(Closure))
#49 /Users/gaumup/Projects/ironmanvn/vendor/laravel/framework/src/Illuminate/Foundation/Http/Middleware/CheckForMaintenanceMode.php(42): Illuminate\Pipeline\Pipeline->Illuminate\Pipeline\{closure}(Object(Illuminate\Http\Request))
#50 /Users/gaumup/Projects/ironmanvn/vendor/laravel/framework/src/Illuminate/Pipeline/Pipeline.php(125): Illuminate\Foundation\Http\Middleware\CheckForMaintenanceMode->handle(Object(Illuminate\Http\Request), Object(Closure))
#51 [internal function]: Illuminate\Pipeline\Pipeline->Illuminate\Pipeline\{closure}(Object(Illuminate\Http\Request))
#52 /Users/gaumup/Projects/ironmanvn/vendor/laravel/framework/src/Illuminate/Pipeline/Pipeline.php(101): call_user_func(Object(Closure), Object(Illuminate\Http\Request))
#53 /Users/gaumup/Projects/ironmanvn/vendor/laravel/framework/src/Illuminate/Foundation/Http/Kernel.php(115): Illuminate\Pipeline\Pipeline->then(Object(Closure))
#54 /Users/gaumup/Projects/ironmanvn/vendor/laravel/framework/src/Illuminate/Foundation/Http/Kernel.php(84): Illuminate\Foundation\Http\Kernel->sendRequestThroughRouter(Object(Illuminate\Http\Request))
#55 /Users/gaumup/Projects/ironmanvn/index.php(44): Illuminate\Foundation\Http\Kernel->handle(Object(Illuminate\Http\Request))
#56 {main}  
[2016-04-13 22:13:23] production.ERROR: exception 'Twig_Error_Syntax' with message 'Unexpected "else" tag (expecting closing tag for the "if" tag defined near line 40) in "/Users/gaumup/Projects/ironmanvn/themes/responsiv-flat/partials/blog/pagination.htm" at line 42.' in /Users/gaumup/Projects/ironmanvn/vendor/twig/twig/lib/Twig/Parser.php:172
Stack trace:
#0 /Users/gaumup/Projects/ironmanvn/vendor/twig/twig/lib/Twig/TokenParser/If.php(43): Twig_Parser->subparse(Array)
#1 /Users/gaumup/Projects/ironmanvn/vendor/twig/twig/lib/Twig/Parser.php(187): Twig_TokenParser_If->parse(Object(Twig_Token))
#2 /Users/gaumup/Projects/ironmanvn/vendor/twig/twig/lib/Twig/Parser.php(100): Twig_Parser->subparse(NULL, false)
#3 /Users/gaumup/Projects/ironmanvn/vendor/twig/twig/lib/Twig/Environment.php(615): Twig_Parser->parse(Object(Twig_TokenStream))
#4 /Users/gaumup/Projects/ironmanvn/vendor/twig/twig/lib/Twig/Environment.php(667): Twig_Environment->parse(Object(Twig_TokenStream))
#5 /Users/gaumup/Projects/ironmanvn/vendor/twig/twig/lib/Twig/Environment.php(396): Twig_Environment->compileSource('{% if base is e...', '/Users/gaumup/P...')
#6 /Users/gaumup/Projects/ironmanvn/modules/cms/Classes/Controller.php(899): Twig_Environment->loadTemplate('/Users/gaumup/P...')
#7 /Users/gaumup/Projects/ironmanvn/modules/cms/Twig/Extension.php(117): Cms\Classes\Controller->renderPartial('blog/pagination', Array)
#8 /Users/gaumup/Projects/ironmanvn/storage/cms/twig/7f/7fbf7c74a756f19ef8a95ad11ab296cfdf5bc4b16d4640750b27c40cfac38f62.php(112): Cms\Twig\Extension->partialFunction('blog/pagination', Array)
#9 /Users/gaumup/Projects/ironmanvn/vendor/twig/twig/lib/Twig/Template.php(381): __TwigTemplate_b76bb277572b0a0e9344d4d48bba6a7a7ea99b7c3ce5acadcf2ff853ed804fae->doDisplay(Array, Array)
#10 /Users/gaumup/Projects/ironmanvn/vendor/twig/twig/lib/Twig/Template.php(355): Twig_Template->displayWithErrorHandling(Array, Array)
#11 /Users/gaumup/Projects/ironmanvn/vendor/twig/twig/lib/Twig/Template.php(366): Twig_Template->display(Array)
#12 /Users/gaumup/Projects/ironmanvn/modules/cms/Classes/Controller.php(371): Twig_Template->render(Array)
#13 /Users/gaumup/Projects/ironmanvn/modules/cms/Classes/Controller.php(209): Cms\Classes\Controller->runPage(Object(Cms\Classes\Page))
#14 /Users/gaumup/Projects/ironmanvn/modules/cms/Classes/CmsController.php(48): Cms\Classes\Controller->run('news')
#15 [internal function]: Cms\Classes\CmsController->run('news')
#16 /Users/gaumup/Projects/ironmanvn/vendor/laravel/framework/src/Illuminate/Routing/Controller.php(246): call_user_func_array(Array, Array)
#17 /Users/gaumup/Projects/ironmanvn/vendor/laravel/framework/src/Illuminate/Routing/ControllerDispatcher.php(162): Illuminate\Routing\Controller->callAction('run', Array)
#18 /Users/gaumup/Projects/ironmanvn/vendor/laravel/framework/src/Illuminate/Routing/ControllerDispatcher.php(107): Illuminate\Routing\ControllerDispatcher->call(Object(Cms\Classes\CmsController), Object(Illuminate\Routing\Route), 'run')
#19 [internal function]: Illuminate\Routing\ControllerDispatcher->Illuminate\Routing\{closure}(Object(Illuminate\Http\Request))
#20 /Users/gaumup/Projects/ironmanvn/vendor/laravel/framework/src/Illuminate/Pipeline/Pipeline.php(141): call_user_func(Object(Closure), Object(Illuminate\Http\Request))
#21 [internal function]: Illuminate\Pipeline\Pipeline->Illuminate\Pipeline\{closure}(Object(Illuminate\Http\Request))
#22 /Users/gaumup/Projects/ironmanvn/vendor/laravel/framework/src/Illuminate/Pipeline/Pipeline.php(101): call_user_func(Object(Closure), Object(Illuminate\Http\Request))
#23 /Users/gaumup/Projects/ironmanvn/vendor/laravel/framework/src/Illuminate/Routing/ControllerDispatcher.php(108): Illuminate\Pipeline\Pipeline->then(Object(Closure))
#24 /Users/gaumup/Projects/ironmanvn/vendor/laravel/framework/src/Illuminate/Routing/ControllerDispatcher.php(67): Illuminate\Routing\ControllerDispatcher->callWithinStack(Object(Cms\Classes\CmsController), Object(Illuminate\Routing\Route), Object(Illuminate\Http\Request), 'run')
#25 /Users/gaumup/Projects/ironmanvn/vendor/laravel/framework/src/Illuminate/Routing/Route.php(204): Illuminate\Routing\ControllerDispatcher->dispatch(Object(Illuminate\Routing\Route), Object(Illuminate\Http\Request), 'Cms\\Classes\\Cms...', 'run')
#26 /Users/gaumup/Projects/ironmanvn/vendor/laravel/framework/src/Illuminate/Routing/Route.php(134): Illuminate\Routing\Route->runWithCustomDispatcher(Object(Illuminate\Http\Request))
#27 /Users/gaumup/Projects/ironmanvn/vendor/laravel/framework/src/Illuminate/Routing/Router.php(701): Illuminate\Routing\Route->run(Object(Illuminate\Http\Request))
#28 [internal function]: Illuminate\Routing\Router->Illuminate\Routing\{closure}(Object(Illuminate\Http\Request))
#29 /Users/gaumup/Projects/ironmanvn/vendor/laravel/framework/src/Illuminate/Pipeline/Pipeline.php(141): call_user_func(Object(Closure), Object(Illuminate\Http\Request))
#30 [internal function]: Illuminate\Pipeline\Pipeline->Illuminate\Pipeline\{closure}(Object(Illuminate\Http\Request))
#31 /Users/gaumup/Projects/ironmanvn/vendor/laravel/framework/src/Illuminate/Pipeline/Pipeline.php(101): call_user_func(Object(Closure), Object(Illuminate\Http\Request))
#32 /Users/gaumup/Projects/ironmanvn/vendor/laravel/framework/src/Illuminate/Routing/Router.php(703): Illuminate\Pipeline\Pipeline->then(Object(Closure))
#33 /Users/gaumup/Projects/ironmanvn/vendor/laravel/framework/src/Illuminate/Routing/Router.php(670): Illuminate\Routing\Router->runRouteWithinStack(Object(Illuminate\Routing\Route), Object(Illuminate\Http\Request))
#34 /Users/gaumup/Projects/ironmanvn/vendor/laravel/framework/src/Illuminate/Routing/Router.php(628): Illuminate\Routing\Router->dispatchToRoute(Object(Illuminate\Http\Request))
#35 /Users/gaumup/Projects/ironmanvn/vendor/laravel/framework/src/Illuminate/Foundation/Http/Kernel.php(214): Illuminate\Routing\Router->dispatch(Object(Illuminate\Http\Request))
#36 [internal function]: Illuminate\Foundation\Http\Kernel->Illuminate\Foundation\Http\{closure}(Object(Illuminate\Http\Request))
#37 /Users/gaumup/Projects/ironmanvn/vendor/laravel/framework/src/Illuminate/Pipeline/Pipeline.php(141): call_user_func(Object(Closure), Object(Illuminate\Http\Request))
#38 /Users/gaumup/Projects/ironmanvn/vendor/laravel/framework/src/Illuminate/View/Middleware/ShareErrorsFromSession.php(55): Illuminate\Pipeline\Pipeline->Illuminate\Pipeline\{closure}(Object(Illuminate\Http\Request))
#39 /Users/gaumup/Projects/ironmanvn/vendor/laravel/framework/src/Illuminate/Pipeline/Pipeline.php(125): Illuminate\View\Middleware\ShareErrorsFromSession->handle(Object(Illuminate\Http\Request), Object(Closure))
#40 /Users/gaumup/Projects/ironmanvn/vendor/laravel/framework/src/Illuminate/Session/Middleware/StartSession.php(61): Illuminate\Pipeline\Pipeline->Illuminate\Pipeline\{closure}(Object(Illuminate\Http\Request))
#41 /Users/gaumup/Projects/ironmanvn/vendor/laravel/framework/src/Illuminate/Pipeline/Pipeline.php(125): Illuminate\Session\Middleware\StartSession->handle(Object(Illuminate\Http\Request), Object(Closure))
#42 /Users/gaumup/Projects/ironmanvn/vendor/laravel/framework/src/Illuminate/Cookie/Middleware/AddQueuedCookiesToResponse.php(36): Illuminate\Pipeline\Pipeline->Illuminate\Pipeline\{closure}(Object(Illuminate\Http\Request))
#43 /Users/gaumup/Projects/ironmanvn/vendor/laravel/framework/src/Illuminate/Pipeline/Pipeline.php(125): Illuminate\Cookie\Middleware\AddQueuedCookiesToResponse->handle(Object(Illuminate\Http\Request), Object(Closure))
#44 /Users/gaumup/Projects/ironmanvn/vendor/laravel/framework/src/Illuminate/Cookie/Middleware/EncryptCookies.php(40): Illuminate\Pipeline\Pipeline->Illuminate\Pipeline\{closure}(Object(Illuminate\Http\Request))
#45 /Users/gaumup/Projects/ironmanvn/vendor/laravel/framework/src/Illuminate/Pipeline/Pipeline.php(125): Illuminate\Cookie\Middleware\EncryptCookies->handle(Object(Illuminate\Http\Request), Object(Closure))
#46 /Users/gaumup/Projects/ironmanvn/vendor/laravel/framework/src/Illuminate/Foundation/Http/Middleware/CheckForMaintenanceMode.php(42): Illuminate\Pipeline\Pipeline->Illuminate\Pipeline\{closure}(Object(Illuminate\Http\Request))
#47 /Users/gaumup/Projects/ironmanvn/vendor/laravel/framework/src/Illuminate/Pipeline/Pipeline.php(125): Illuminate\Foundation\Http\Middleware\CheckForMaintenanceMode->handle(Object(Illuminate\Http\Request), Object(Closure))
#48 [internal function]: Illuminate\Pipeline\Pipeline->Illuminate\Pipeline\{closure}(Object(Illuminate\Http\Request))
#49 /Users/gaumup/Projects/ironmanvn/vendor/laravel/framework/src/Illuminate/Pipeline/Pipeline.php(101): call_user_func(Object(Closure), Object(Illuminate\Http\Request))
#50 /Users/gaumup/Projects/ironmanvn/vendor/laravel/framework/src/Illuminate/Foundation/Http/Kernel.php(115): Illuminate\Pipeline\Pipeline->then(Object(Closure))
#51 /Users/gaumup/Projects/ironmanvn/vendor/laravel/framework/src/Illuminate/Foundation/Http/Kernel.php(84): Illuminate\Foundation\Http\Kernel->sendRequestThroughRouter(Object(Illuminate\Http\Request))
#52 /Users/gaumup/Projects/ironmanvn/index.php(44): Illuminate\Foundation\Http\Kernel->handle(Object(Illuminate\Http\Request))
#53 {main}  
[2016-04-13 22:13:28] production.ERROR: exception 'Twig_Error_Syntax' with message 'Unexpected "else" tag (expecting closing tag for the "if" tag defined near line 40) in "/Users/gaumup/Projects/ironmanvn/themes/responsiv-flat/partials/blog/pagination.htm" at line 41.' in /Users/gaumup/Projects/ironmanvn/vendor/twig/twig/lib/Twig/Parser.php:172
Stack trace:
#0 /Users/gaumup/Projects/ironmanvn/vendor/twig/twig/lib/Twig/TokenParser/If.php(43): Twig_Parser->subparse(Array)
#1 /Users/gaumup/Projects/ironmanvn/vendor/twig/twig/lib/Twig/Parser.php(187): Twig_TokenParser_If->parse(Object(Twig_Token))
#2 /Users/gaumup/Projects/ironmanvn/vendor/twig/twig/lib/Twig/Parser.php(100): Twig_Parser->subparse(NULL, false)
#3 /Users/gaumup/Projects/ironmanvn/vendor/twig/twig/lib/Twig/Environment.php(615): Twig_Parser->parse(Object(Twig_TokenStream))
#4 /Users/gaumup/Projects/ironmanvn/vendor/twig/twig/lib/Twig/Environment.php(667): Twig_Environment->parse(Object(Twig_TokenStream))
#5 /Users/gaumup/Projects/ironmanvn/vendor/twig/twig/lib/Twig/Environment.php(396): Twig_Environment->compileSource('{% if base is e...', '/Users/gaumup/P...')
#6 /Users/gaumup/Projects/ironmanvn/modules/cms/Classes/Controller.php(899): Twig_Environment->loadTemplate('/Users/gaumup/P...')
#7 /Users/gaumup/Projects/ironmanvn/modules/cms/Twig/Extension.php(117): Cms\Classes\Controller->renderPartial('blog/pagination', Array)
#8 /Users/gaumup/Projects/ironmanvn/storage/cms/twig/7f/7fbf7c74a756f19ef8a95ad11ab296cfdf5bc4b16d4640750b27c40cfac38f62.php(112): Cms\Twig\Extension->partialFunction('blog/pagination', Array)
#9 /Users/gaumup/Projects/ironmanvn/vendor/twig/twig/lib/Twig/Template.php(381): __TwigTemplate_b76bb277572b0a0e9344d4d48bba6a7a7ea99b7c3ce5acadcf2ff853ed804fae->doDisplay(Array, Array)
#10 /Users/gaumup/Projects/ironmanvn/vendor/twig/twig/lib/Twig/Template.php(355): Twig_Template->displayWithErrorHandling(Array, Array)
#11 /Users/gaumup/Projects/ironmanvn/vendor/twig/twig/lib/Twig/Template.php(366): Twig_Template->display(Array)
#12 /Users/gaumup/Projects/ironmanvn/modules/cms/Classes/Controller.php(371): Twig_Template->render(Array)
#13 /Users/gaumup/Projects/ironmanvn/modules/cms/Classes/Controller.php(209): Cms\Classes\Controller->runPage(Object(Cms\Classes\Page))
#14 /Users/gaumup/Projects/ironmanvn/modules/cms/Classes/CmsController.php(48): Cms\Classes\Controller->run('news')
#15 [internal function]: Cms\Classes\CmsController->run('news')
#16 /Users/gaumup/Projects/ironmanvn/vendor/laravel/framework/src/Illuminate/Routing/Controller.php(246): call_user_func_array(Array, Array)
#17 /Users/gaumup/Projects/ironmanvn/vendor/laravel/framework/src/Illuminate/Routing/ControllerDispatcher.php(162): Illuminate\Routing\Controller->callAction('run', Array)
#18 /Users/gaumup/Projects/ironmanvn/vendor/laravel/framework/src/Illuminate/Routing/ControllerDispatcher.php(107): Illuminate\Routing\ControllerDispatcher->call(Object(Cms\Classes\CmsController), Object(Illuminate\Routing\Route), 'run')
#19 [internal function]: Illuminate\Routing\ControllerDispatcher->Illuminate\Routing\{closure}(Object(Illuminate\Http\Request))
#20 /Users/gaumup/Projects/ironmanvn/vendor/laravel/framework/src/Illuminate/Pipeline/Pipeline.php(141): call_user_func(Object(Closure), Object(Illuminate\Http\Request))
#21 [internal function]: Illuminate\Pipeline\Pipeline->Illuminate\Pipeline\{closure}(Object(Illuminate\Http\Request))
#22 /Users/gaumup/Projects/ironmanvn/vendor/laravel/framework/src/Illuminate/Pipeline/Pipeline.php(101): call_user_func(Object(Closure), Object(Illuminate\Http\Request))
#23 /Users/gaumup/Projects/ironmanvn/vendor/laravel/framework/src/Illuminate/Routing/ControllerDispatcher.php(108): Illuminate\Pipeline\Pipeline->then(Object(Closure))
#24 /Users/gaumup/Projects/ironmanvn/vendor/laravel/framework/src/Illuminate/Routing/ControllerDispatcher.php(67): Illuminate\Routing\ControllerDispatcher->callWithinStack(Object(Cms\Classes\CmsController), Object(Illuminate\Routing\Route), Object(Illuminate\Http\Request), 'run')
#25 /Users/gaumup/Projects/ironmanvn/vendor/laravel/framework/src/Illuminate/Routing/Route.php(204): Illuminate\Routing\ControllerDispatcher->dispatch(Object(Illuminate\Routing\Route), Object(Illuminate\Http\Request), 'Cms\\Classes\\Cms...', 'run')
#26 /Users/gaumup/Projects/ironmanvn/vendor/laravel/framework/src/Illuminate/Routing/Route.php(134): Illuminate\Routing\Route->runWithCustomDispatcher(Object(Illuminate\Http\Request))
#27 /Users/gaumup/Projects/ironmanvn/vendor/laravel/framework/src/Illuminate/Routing/Router.php(701): Illuminate\Routing\Route->run(Object(Illuminate\Http\Request))
#28 [internal function]: Illuminate\Routing\Router->Illuminate\Routing\{closure}(Object(Illuminate\Http\Request))
#29 /Users/gaumup/Projects/ironmanvn/vendor/laravel/framework/src/Illuminate/Pipeline/Pipeline.php(141): call_user_func(Object(Closure), Object(Illuminate\Http\Request))
#30 [internal function]: Illuminate\Pipeline\Pipeline->Illuminate\Pipeline\{closure}(Object(Illuminate\Http\Request))
#31 /Users/gaumup/Projects/ironmanvn/vendor/laravel/framework/src/Illuminate/Pipeline/Pipeline.php(101): call_user_func(Object(Closure), Object(Illuminate\Http\Request))
#32 /Users/gaumup/Projects/ironmanvn/vendor/laravel/framework/src/Illuminate/Routing/Router.php(703): Illuminate\Pipeline\Pipeline->then(Object(Closure))
#33 /Users/gaumup/Projects/ironmanvn/vendor/laravel/framework/src/Illuminate/Routing/Router.php(670): Illuminate\Routing\Router->runRouteWithinStack(Object(Illuminate\Routing\Route), Object(Illuminate\Http\Request))
#34 /Users/gaumup/Projects/ironmanvn/vendor/laravel/framework/src/Illuminate/Routing/Router.php(628): Illuminate\Routing\Router->dispatchToRoute(Object(Illuminate\Http\Request))
#35 /Users/gaumup/Projects/ironmanvn/vendor/laravel/framework/src/Illuminate/Foundation/Http/Kernel.php(214): Illuminate\Routing\Router->dispatch(Object(Illuminate\Http\Request))
#36 [internal function]: Illuminate\Foundation\Http\Kernel->Illuminate\Foundation\Http\{closure}(Object(Illuminate\Http\Request))
#37 /Users/gaumup/Projects/ironmanvn/vendor/laravel/framework/src/Illuminate/Pipeline/Pipeline.php(141): call_user_func(Object(Closure), Object(Illuminate\Http\Request))
#38 /Users/gaumup/Projects/ironmanvn/vendor/laravel/framework/src/Illuminate/View/Middleware/ShareErrorsFromSession.php(55): Illuminate\Pipeline\Pipeline->Illuminate\Pipeline\{closure}(Object(Illuminate\Http\Request))
#39 /Users/gaumup/Projects/ironmanvn/vendor/laravel/framework/src/Illuminate/Pipeline/Pipeline.php(125): Illuminate\View\Middleware\ShareErrorsFromSession->handle(Object(Illuminate\Http\Request), Object(Closure))
#40 /Users/gaumup/Projects/ironmanvn/vendor/laravel/framework/src/Illuminate/Session/Middleware/StartSession.php(61): Illuminate\Pipeline\Pipeline->Illuminate\Pipeline\{closure}(Object(Illuminate\Http\Request))
#41 /Users/gaumup/Projects/ironmanvn/vendor/laravel/framework/src/Illuminate/Pipeline/Pipeline.php(125): Illuminate\Session\Middleware\StartSession->handle(Object(Illuminate\Http\Request), Object(Closure))
#42 /Users/gaumup/Projects/ironmanvn/vendor/laravel/framework/src/Illuminate/Cookie/Middleware/AddQueuedCookiesToResponse.php(36): Illuminate\Pipeline\Pipeline->Illuminate\Pipeline\{closure}(Object(Illuminate\Http\Request))
#43 /Users/gaumup/Projects/ironmanvn/vendor/laravel/framework/src/Illuminate/Pipeline/Pipeline.php(125): Illuminate\Cookie\Middleware\AddQueuedCookiesToResponse->handle(Object(Illuminate\Http\Request), Object(Closure))
#44 /Users/gaumup/Projects/ironmanvn/vendor/laravel/framework/src/Illuminate/Cookie/Middleware/EncryptCookies.php(40): Illuminate\Pipeline\Pipeline->Illuminate\Pipeline\{closure}(Object(Illuminate\Http\Request))
#45 /Users/gaumup/Projects/ironmanvn/vendor/laravel/framework/src/Illuminate/Pipeline/Pipeline.php(125): Illuminate\Cookie\Middleware\EncryptCookies->handle(Object(Illuminate\Http\Request), Object(Closure))
#46 /Users/gaumup/Projects/ironmanvn/vendor/laravel/framework/src/Illuminate/Foundation/Http/Middleware/CheckForMaintenanceMode.php(42): Illuminate\Pipeline\Pipeline->Illuminate\Pipeline\{closure}(Object(Illuminate\Http\Request))
#47 /Users/gaumup/Projects/ironmanvn/vendor/laravel/framework/src/Illuminate/Pipeline/Pipeline.php(125): Illuminate\Foundation\Http\Middleware\CheckForMaintenanceMode->handle(Object(Illuminate\Http\Request), Object(Closure))
#48 [internal function]: Illuminate\Pipeline\Pipeline->Illuminate\Pipeline\{closure}(Object(Illuminate\Http\Request))
#49 /Users/gaumup/Projects/ironmanvn/vendor/laravel/framework/src/Illuminate/Pipeline/Pipeline.php(101): call_user_func(Object(Closure), Object(Illuminate\Http\Request))
#50 /Users/gaumup/Projects/ironmanvn/vendor/laravel/framework/src/Illuminate/Foundation/Http/Kernel.php(115): Illuminate\Pipeline\Pipeline->then(Object(Closure))
#51 /Users/gaumup/Projects/ironmanvn/vendor/laravel/framework/src/Illuminate/Foundation/Http/Kernel.php(84): Illuminate\Foundation\Http\Kernel->sendRequestThroughRouter(Object(Illuminate\Http\Request))
#52 /Users/gaumup/Projects/ironmanvn/index.php(44): Illuminate\Foundation\Http\Kernel->handle(Object(Illuminate\Http\Request))
#53 {main}  
